<?xml version="1.0" encoding="UTF-8"?>
<!-- Generated by org.testng.reporters.JUnitXMLReporter -->
<testsuite ignored="0" hostname="Aparna" failures="0" tests="3" name="Default test" time="24.448" errors="0" timestamp="2023-08-22T14:03:42 IST">
  <testcase classname="testCase.VerifyApplicationHomePageTitle" name="searchTextBox" time="0.108"/>
  <testcase classname="testCase.VerifyApplicationHomePageTitle" name="textInSerachTextField" time="0.163"/>
  <testcase classname="testCase.VerifyApplicationHomePageTitle" name="verifyPageTitle" time="0.085"/>
</testsuite> <!-- Default test -->
