<?xml version="1.0" encoding="UTF-8"?>
<!-- Generated by org.testng.reporters.JUnitXMLReporter -->
<testsuite ignored="2" hostname="Aparna" failures="0" tests="1" name="Test" time="7.811" errors="0" timestamp="2023-05-11T17:00:46 IST">
  <testcase classname="testCase.VerifyApplicationHomePageTitle" name="verifyPageTitle" time="0.132"/>
  <testcase classname="testCase.VerifyApplicationHomePageTitle" name="textInSerachTextField" time="0.0">
    <ignored/>
  </testcase> <!-- textInSerachTextField -->
  <testcase classname="testCase.VerifyApplicationHomePageTitle" name="searchTextBox" time="0.0">
    <ignored/>
  </testcase> <!-- searchTextBox -->
</testsuite> <!-- Test -->
