<?xml version="1.0" encoding="UTF-8"?>
<!-- Generated by org.testng.reporters.JUnitXMLReporter -->
<testsuite ignored="3" hostname="Aparna" failures="0" tests="2" name="Test" time="14.744" errors="0" timestamp="2023-08-22T14:14:21 IST">
  <testcase classname="testCase.VerifyApplicationHomePageTitle" name="verifyPageTitle" time="0.097"/>
  <testcase classname="testCase.VerifyCheckBoxAndRadioButton" name="VerifyCheckBoxAndRadioButtonBehaviours" time="0.206"/>
  <testcase classname="testCase.VerifyApplicationHomePageTitle" name="textInSerachTextField" time="0.0">
    <ignored/>
  </testcase> <!-- textInSerachTextField -->
  <testcase classname="testCase.VerifyMultiselectDropDownFuntionality" name="VerifyMultiselectDropDown" time="0.0">
    <ignored/>
  </testcase> <!-- VerifyMultiselectDropDown -->
  <testcase classname="testCase.VerifyApplicationHomePageTitle" name="searchTextBox" time="0.0">
    <ignored/>
  </testcase> <!-- searchTextBox -->
</testsuite> <!-- Test -->
