<?xml version="1.0" encoding="UTF-8"?>
<!-- Generated by org.testng.reporters.JUnitXMLReporter -->
<testsuite ignored="3" hostname="Aparna" failures="0" tests="2" name="Test" time="12.548" errors="0" timestamp="22 Aug 2023 08:45:45 GMT">
  <testcase classname="testCase.VerifyApplicationHomePageTitle" name="verifyPageTitle" time="0.093"/>
  <testcase classname="testCase.VerifyCheckBoxAndRadioButton" name="VerifyCheckBoxAndRadioButtonBehaviours" time="0.196"/>
  <testcase classname="testCase.VerifyApplicationHomePageTitle" name="searchTextBox" time="0.0">
    <ignored/>
  </testcase> <!-- searchTextBox -->
  <testcase classname="testCase.VerifyApplicationHomePageTitle" name="textInSerachTextField" time="0.0">
    <ignored/>
  </testcase> <!-- textInSerachTextField -->
  <testcase classname="testCase.VerifyMultiselectDropDownFuntionality" name="VerifyMultiselectDropDown" time="0.0">
    <ignored/>
  </testcase> <!-- VerifyMultiselectDropDown -->
</testsuite> <!-- Test -->
