<?xml version="1.0" encoding="UTF-8"?>
<!-- Generated by org.testng.reporters.JUnitXMLReporter -->
<testsuite ignored="2" hostname="Aparna" failures="0" tests="1" name="Test" time="62.049" errors="0" timestamp="11 May 2023 16:23:43 GMT">
  <testcase classname="testCase.VerifyApplicationHomePageTitle" name="verifyPageTitle" time="0.096"/>
  <testcase classname="testCase.VerifyApplicationHomePageTitle" name="searchTextBox" time="0.0">
    <ignored/>
  </testcase> <!-- searchTextBox -->
  <testcase classname="testCase.VerifyApplicationHomePageTitle" name="textInSerachTextField" time="0.0">
    <ignored/>
  </testcase> <!-- textInSerachTextField -->
</testsuite> <!-- Test -->
