<?xml version="1.0" encoding="UTF-8"?>
<testng-results ignored="3" total="5" passed="2" failed="0" skipped="0">
  <reporter-output>
  </reporter-output>
  <suite started-at="2023-08-22T08:45:32Z" name="Suite" finished-at="2023-08-22T08:45:45Z" duration-ms="12548">
    <groups>
      <group name="sanity">
        <method signature="VerifyApplicationHomePageTitle.verifyPageTitle()[pri:1, instance:testCase.VerifyApplicationHomePageTitle@1800a575]" name="verifyPageTitle" class="testCase.VerifyApplicationHomePageTitle"/>
      </group> <!-- sanity -->
      <group name="e2e">
        <method signature="VerifyCheckBoxAndRadioButton.VerifyCheckBoxAndRadioButtonBehaviours()[pri:1, instance:testCase.VerifyCheckBoxAndRadioButton@1458ed9c]" name="VerifyCheckBoxAndRadioButtonBehaviours" class="testCase.VerifyCheckBoxAndRadioButton"/>
      </group> <!-- e2e -->
    </groups>
    <test started-at="2023-08-22T08:45:32Z" name="Test" finished-at="2023-08-22T08:45:45Z" duration-ms="12548">
      <class name="testCase.VerifyCheckBoxAndRadioButton">
        <test-method is-config="true" signature="setup()[pri:0, instance:testCase.VerifyCheckBoxAndRadioButton@1458ed9c]" started-at="2023-08-22T08:45:39Z" name="setup" finished-at="2023-08-22T08:45:44Z" duration-ms="5557" status="PASS">
          <reporter-output>
          </reporter-output>
        </test-method> <!-- setup -->
        <test-method signature="VerifyCheckBoxAndRadioButtonBehaviours()[pri:1, instance:testCase.VerifyCheckBoxAndRadioButton@1458ed9c]" started-at="2023-08-22T08:45:44Z" name="VerifyCheckBoxAndRadioButtonBehaviours" finished-at="2023-08-22T08:45:45Z" duration-ms="196" status="PASS">
          <reporter-output>
          </reporter-output>
        </test-method> <!-- VerifyCheckBoxAndRadioButtonBehaviours -->
        <test-method is-config="true" signature="tearDown(org.testng.ITestResult)[pri:0, instance:testCase.VerifyCheckBoxAndRadioButton@1458ed9c]" started-at="2023-08-22T08:45:45Z" name="tearDown" finished-at="2023-08-22T08:45:45Z" duration-ms="148" status="PASS">
          <params>
            <param index="0">
              <value>
                <![CDATA[[TestResult name=VerifyCheckBoxAndRadioButtonBehaviours status=SUCCESS method=VerifyCheckBoxAndRadioButton.VerifyCheckBoxAndRadioButtonBehaviours()[pri:1, instance:testCase.VerifyCheckBoxAndRadioButton@1458ed9c] output={null}]]]>
              </value>
            </param>
          </params>
          <reporter-output>
          </reporter-output>
        </test-method> <!-- tearDown -->
      </class> <!-- testCase.VerifyCheckBoxAndRadioButton -->
      <class name="testCase.VerifyApplicationHomePageTitle">
        <test-method is-config="true" signature="setup()[pri:0, instance:testCase.VerifyApplicationHomePageTitle@1800a575]" started-at="2023-08-22T08:45:32Z" name="setup" finished-at="2023-08-22T08:45:39Z" duration-ms="6529" status="PASS">
          <reporter-output>
          </reporter-output>
        </test-method> <!-- setup -->
        <test-method signature="verifyPageTitle()[pri:1, instance:testCase.VerifyApplicationHomePageTitle@1800a575]" started-at="2023-08-22T08:45:39Z" name="verifyPageTitle" finished-at="2023-08-22T08:45:39Z" duration-ms="93" status="PASS">
          <reporter-output>
          </reporter-output>
        </test-method> <!-- verifyPageTitle -->
      </class> <!-- testCase.VerifyApplicationHomePageTitle -->
    </test> <!-- Test -->
  </suite> <!-- Suite -->
</testng-results>
