<?xml version="1.0" encoding="UTF-8"?>
<testng-results ignored="2" total="3" passed="1" failed="0" skipped="0">
  <reporter-output>
  </reporter-output>
  <suite started-at="2023-05-11T16:22:41Z" name="Suite" finished-at="2023-05-11T16:23:43Z" duration-ms="62049">
    <groups>
      <group name="sanity">
        <method signature="VerifyApplicationHomePageTitle.verifyPageTitle()[pri:1, instance:testCase.VerifyApplicationHomePageTitle@60df60da]" name="verifyPageTitle" class="testCase.VerifyApplicationHomePageTitle"/>
      </group> <!-- sanity -->
    </groups>
    <test started-at="2023-05-11T16:22:41Z" name="Test" finished-at="2023-05-11T16:23:43Z" duration-ms="62049">
      <class name="testCase.VerifyApplicationHomePageTitle">
        <test-method is-config="true" signature="setup()[pri:0, instance:testCase.VerifyApplicationHomePageTitle@60df60da]" started-at="2023-05-11T16:22:41Z" name="setup" finished-at="2023-05-11T16:23:43Z" duration-ms="61717" status="PASS">
          <reporter-output>
          </reporter-output>
        </test-method> <!-- setup -->
        <test-method signature="verifyPageTitle()[pri:1, instance:testCase.VerifyApplicationHomePageTitle@60df60da]" started-at="2023-05-11T16:23:43Z" name="verifyPageTitle" finished-at="2023-05-11T16:23:43Z" duration-ms="96" status="PASS">
          <reporter-output>
          </reporter-output>
        </test-method> <!-- verifyPageTitle -->
        <test-method is-config="true" signature="tearDown()[pri:0, instance:testCase.VerifyApplicationHomePageTitle@60df60da]" started-at="2023-05-11T16:23:43Z" name="tearDown" finished-at="2023-05-11T16:23:43Z" duration-ms="219" status="PASS">
          <reporter-output>
          </reporter-output>
        </test-method> <!-- tearDown -->
      </class> <!-- testCase.VerifyApplicationHomePageTitle -->
    </test> <!-- Test -->
  </suite> <!-- Suite -->
</testng-results>
