<?xml version="1.0" encoding="UTF-8"?>
<testng-results ignored="0" total="1" passed="1" failed="0" skipped="0">
  <reporter-output>
  </reporter-output>
  <suite started-at="2023-05-12T14:11:04 IST" name="Default suite" finished-at="2023-05-12T14:11:21 IST" duration-ms="17087">
    <groups>
    </groups>
    <test started-at="2023-05-12T14:11:04 IST" name="Default test" finished-at="2023-05-12T14:11:21 IST" duration-ms="17087">
      <class name="testCase.DatePickerExample">
        <test-method signature="setUp()[pri:0, instance:testCase.DatePickerExample@5fbdfdcf]" started-at="2023-05-12T14:11:04 IST" name="setUp" finished-at="2023-05-12T14:11:21 IST" duration-ms="16852" status="PASS">
          <reporter-output>
          </reporter-output>
        </test-method> <!-- setUp -->
        <test-method is-config="true" signature="tearDown()[pri:0, instance:testCase.DatePickerExample@5fbdfdcf]" started-at="2023-05-12T14:11:21 IST" name="tearDown" finished-at="2023-05-12T14:11:21 IST" duration-ms="203" status="PASS">
          <reporter-output>
          </reporter-output>
        </test-method> <!-- tearDown -->
      </class> <!-- testCase.DatePickerExample -->
    </test> <!-- Default test -->
  </suite> <!-- Default suite -->
</testng-results>
